<?xml version="1.0" encoding="UTF-8"?>
<testsuite name="com.innovation.features.posts.presentation.PostsViewModelTest" tests="1" skipped="0" failures="0" errors="0" timestamp="2025-07-21T06:58:44" hostname="Ahmeds-MacBook-Pro-3.local" time="0.7">
  <properties/>
  <testcase name="loadPosts should set isEndReached when less than pageSize" classname="com.innovation.features.posts.presentation.PostsViewModelTest" time="0.7"/>
  <system-out><![CDATA[]]></system-out>
  <system-err><![CDATA[WARNING: A Java agent has been loaded dynamically (/Users/ahmedgomaa/.gradle/caches/modules-2/files-2.1/net.bytebuddy/byte-buddy-agent/1.14.17/e3c251a39dc90badaf71c83427ba46840f219d8d/byte-buddy-agent-1.14.17.jar)
WARNING: If a serviceability tool is in use, please run with -XX:+EnableDynamicAgentLoading to hide this warning
WARNING: If a serviceability tool is not in use, please run with -Djdk.instrument.traceUsage for more information
WARNING: Dynamic loading of agents will be disallowed by default in a future release
]]></system-err>
</testsuite>
